<?xml version="1.0" encoding="UTF-8"?>
<coverage generated="1741321124740" clover="3.2.0">
  <project timestamp="1741321124740" name="All files">
    <metrics statements="96" coveredstatements="94" conditionals="30" coveredconditionals="28" methods="34" coveredmethods="34" elements="160" coveredelements="156" complexity="0" loc="96" ncloc="96" packages="1" files="1" classes="1"/>
    <file name="temporary_values.ts" path="/home/matt/COSC4353-Group30/client/src/lib/temporary_values.ts">
      <metrics statements="96" coveredstatements="94" conditionals="30" coveredconditionals="28" methods="34" coveredmethods="34"/>
      <line num="7" count="1" type="stmt"/>
      <line num="19" count="6" type="stmt"/>
      <line num="20" count="6" type="stmt"/>
      <line num="21" count="6" type="stmt"/>
      <line num="22" count="6" type="stmt"/>
      <line num="23" count="6" type="stmt"/>
      <line num="24" count="6" type="stmt"/>
      <line num="25" count="6" type="stmt"/>
      <line num="26" count="6" type="stmt"/>
      <line num="27" count="6" type="stmt"/>
      <line num="31" count="1" type="stmt"/>
      <line num="44" count="6" type="stmt"/>
      <line num="45" count="6" type="stmt"/>
      <line num="46" count="6" type="stmt"/>
      <line num="47" count="6" type="stmt"/>
      <line num="48" count="6" type="stmt"/>
      <line num="49" count="6" type="stmt"/>
      <line num="50" count="6" type="stmt"/>
      <line num="51" count="6" type="stmt"/>
      <line num="52" count="6" type="stmt"/>
      <line num="53" count="6" type="stmt"/>
      <line num="57" count="1" type="stmt"/>
      <line num="65" count="1" type="stmt"/>
      <line num="67" count="1" type="stmt"/>
      <line num="69" count="1" type="stmt"/>
      <line num="89" count="1" type="stmt"/>
      <line num="90" count="11" type="stmt"/>
      <line num="93" count="1" type="stmt"/>
      <line num="94" count="16" type="stmt"/>
      <line num="95" count="16" type="stmt"/>
      <line num="98" count="1" type="stmt"/>
      <line num="99" count="11" type="stmt"/>
      <line num="100" count="11" type="stmt"/>
      <line num="103" count="1" type="stmt"/>
      <line num="104" count="11" type="stmt"/>
      <line num="110" count="10" type="cond" truecount="1" falsecount="0"/>
      <line num="111" count="5" type="stmt"/>
      <line num="114" count="5" type="stmt"/>
      <line num="115" count="5" type="stmt"/>
      <line num="116" count="5" type="stmt"/>
      <line num="117" count="5" type="stmt"/>
      <line num="120" count="5" type="stmt"/>
      <line num="122" count="5" type="stmt"/>
      <line num="139" count="10" type="stmt"/>
      <line num="140" count="10" type="stmt"/>
      <line num="141" count="10" type="stmt"/>
      <line num="144" count="10" type="stmt"/>
      <line num="145" count="10" type="stmt"/>
      <line num="146" count="10" type="stmt"/>
      <line num="150" count="10" type="cond" truecount="2" falsecount="0"/>
      <line num="152" count="10" type="stmt"/>
      <line num="174" count="1" type="stmt"/>
      <line num="175" count="10" type="stmt"/>
      <line num="178" count="1" type="stmt"/>
      <line num="179" count="1" type="stmt"/>
      <line num="180" count="1" type="stmt"/>
      <line num="181" count="1" type="stmt"/>
      <line num="187" count="1" type="stmt"/>
      <line num="188" count="1" type="stmt"/>
      <line num="189" count="1" type="stmt"/>
      <line num="190" count="10" type="cond" truecount="2" falsecount="0"/>
      <line num="196" count="1" type="stmt"/>
      <line num="198" count="1" type="stmt"/>
      <line num="199" count="1" type="stmt"/>
      <line num="200" count="1" type="stmt"/>
      <line num="206" count="1" type="stmt"/>
      <line num="207" count="1" type="stmt"/>
      <line num="211" count="1" type="stmt"/>
      <line num="212" count="12" type="stmt"/>
      <line num="213" count="2" type="cond" truecount="1" falsecount="0"/>
      <line num="214" count="1" type="stmt"/>
      <line num="226" count="1" type="stmt"/>
      <line num="230" count="1" type="stmt"/>
      <line num="231" count="1" type="stmt"/>
      <line num="232" count="1" type="stmt"/>
      <line num="233" count="1" type="stmt"/>
      <line num="236" count="1" type="stmt"/>
      <line num="243" count="2" type="stmt"/>
      <line num="244" count="1" type="cond" truecount="1" falsecount="1"/>
      <line num="245" count="1" type="stmt"/>
      <line num="246" count="1" type="stmt"/>
      <line num="248" count="0" type="stmt"/>
      <line num="249" count="0" type="stmt"/>
      <line num="252" count="1" type="stmt"/>
      <line num="253" count="1" type="stmt"/>
      <line num="259" count="1" type="stmt"/>
      <line num="260" count="1" type="stmt"/>
      <line num="271" count="1" type="stmt"/>
      <line num="272" count="1" type="stmt"/>
      <line num="276" count="1" type="stmt"/>
      <line num="277" count="1" type="stmt"/>
      <line num="278" count="1" type="stmt"/>
      <line num="279" count="2" type="stmt"/>
      <line num="280" count="1" type="cond" truecount="1" falsecount="0"/>
      <line num="281" count="1" type="stmt"/>
      <line num="283" count="1" type="stmt"/>
    </file>
  </project>
</coverage>
