{"/home/matt/COSC4353-Group30/client/src/lib/temporary_values.ts": {"path":"/home/matt/COSC4353-Group30/client/src/lib/temporary_values.ts","statementMap":{"0":{"start":{"line":103,"column":0},"end":{"line":103,"column":16}},"1":{"start":{"line":178,"column":0},"end":{"line":178,"column":22}},"2":{"start":{"line":187,"column":0},"end":{"line":187,"column":22}},"3":{"start":{"line":196,"column":0},"end":{"line":196,"column":22}},"4":{"start":{"line":206,"column":0},"end":{"line":206,"column":16}},"5":{"start":{"line":211,"column":0},"end":{"line":211,"column":22}},"6":{"start":{"line":230,"column":0},"end":{"line":230,"column":22}},"7":{"start":{"line":259,"column":0},"end":{"line":259,"column":22}},"8":{"start":{"line":276,"column":0},"end":{"line":276,"column":22}},"9":{"start":{"line":19,"column":6},"end":{"line":19,"column":27}},"10":{"start":{"line":20,"column":6},"end":{"line":20,"column":19}},"11":{"start":{"line":21,"column":6},"end":{"line":21,"column":23}},"12":{"start":{"line":22,"column":6},"end":{"line":22,"column":37}},"13":{"start":{"line":23,"column":6},"end":{"line":23,"column":31}},"14":{"start":{"line":24,"column":6},"end":{"line":24,"column":27}},"15":{"start":{"line":25,"column":6},"end":{"line":25,"column":29}},"16":{"start":{"line":26,"column":6},"end":{"line":26,"column":23}},"17":{"start":{"line":27,"column":6},"end":{"line":27,"column":33}},"18":{"start":{"line":7,"column":0},"end":{"line":7,"column":13}},"19":{"start":{"line":44,"column":8},"end":{"line":44,"column":21}},"20":{"start":{"line":45,"column":8},"end":{"line":45,"column":25}},"21":{"start":{"line":46,"column":8},"end":{"line":46,"column":33}},"22":{"start":{"line":47,"column":8},"end":{"line":47,"column":33}},"23":{"start":{"line":48,"column":8},"end":{"line":48,"column":25}},"24":{"start":{"line":49,"column":8},"end":{"line":49,"column":27}},"25":{"start":{"line":50,"column":8},"end":{"line":50,"column":23}},"26":{"start":{"line":51,"column":8},"end":{"line":51,"column":29}},"27":{"start":{"line":52,"column":8},"end":{"line":52,"column":39}},"28":{"start":{"line":53,"column":8},"end":{"line":53,"column":41}},"29":{"start":{"line":31,"column":0},"end":{"line":31,"column":13}},"30":{"start":{"line":57,"column":13},"end":{"line":63,"column":2}},"31":{"start":{"line":65,"column":13},"end":{"line":65,"column":67}},"32":{"start":{"line":67,"column":13},"end":{"line":67,"column":71}},"33":{"start":{"line":69,"column":13},"end":{"line":80,"column":2}},"34":{"start":{"line":89,"column":25},"end":{"line":91,"column":1}},"35":{"start":{"line":90,"column":2},"end":{"line":90,"column":41}},"36":{"start":{"line":89,"column":13},"end":{"line":89,"column":25}},"37":{"start":{"line":93,"column":28},"end":{"line":96,"column":1}},"38":{"start":{"line":94,"column":22},"end":{"line":94,"column":63}},"39":{"start":{"line":95,"column":2},"end":{"line":95,"column":38}},"40":{"start":{"line":93,"column":13},"end":{"line":93,"column":28}},"41":{"start":{"line":98,"column":26},"end":{"line":101,"column":1}},"42":{"start":{"line":99,"column":21},"end":{"line":99,"column":51}},"43":{"start":{"line":100,"column":2},"end":{"line":100,"column":65}},"44":{"start":{"line":98,"column":13},"end":{"line":98,"column":26}},"45":{"start":{"line":104,"column":2},"end":{"line":104,"column":62}},"46":{"start":{"line":110,"column":2},"end":{"line":112,"column":3}},"47":{"start":{"line":111,"column":4},"end":{"line":111,"column":27}},"48":{"start":{"line":114,"column":29},"end":{"line":118,"column":3}},"49":{"start":{"line":115,"column":23},"end":{"line":115,"column":53}},"50":{"start":{"line":116,"column":23},"end":{"line":116,"column":78}},"51":{"start":{"line":117,"column":4},"end":{"line":117,"column":24}},"52":{"start":{"line":120,"column":13},"end":{"line":120,"column":27}},"53":{"start":{"line":122,"column":2},"end":{"line":133,"column":4}},"54":{"start":{"line":139,"column":24},"end":{"line":142,"column":3}},"55":{"start":{"line":140,"column":24},"end":{"line":140,"column":72}},"56":{"start":{"line":141,"column":4},"end":{"line":141,"column":38}},"57":{"start":{"line":144,"column":23},"end":{"line":147,"column":3}},"58":{"start":{"line":145,"column":24},"end":{"line":145,"column":65}},"59":{"start":{"line":146,"column":4},"end":{"line":146,"column":31}},"60":{"start":{"line":150,"column":16},"end":{"line":150,"column":85}},"61":{"start":{"line":152,"column":2},"end":{"line":162,"column":4}},"62":{"start":{"line":174,"column":38},"end":{"line":174,"column":87}},"63":{"start":{"line":175,"column":39},"end":{"line":175,"column":126}},"64":{"start":{"line":175,"column":76},"end":{"line":175,"column":125}},"65":{"start":{"line":179,"column":2},"end":{"line":183,"column":5}},"66":{"start":{"line":180,"column":4},"end":{"line":182,"column":13}},"67":{"start":{"line":181,"column":6},"end":{"line":181,"column":32}},"68":{"start":{"line":188,"column":2},"end":{"line":192,"column":5}},"69":{"start":{"line":189,"column":4},"end":{"line":191,"column":13}},"70":{"start":{"line":190,"column":6},"end":{"line":190,"column":90}},"71":{"start":{"line":190,"column":49},"end":{"line":190,"column":68}},"72":{"start":{"line":198,"column":2},"end":{"line":202,"column":5}},"73":{"start":{"line":199,"column":4},"end":{"line":201,"column":13}},"74":{"start":{"line":200,"column":6},"end":{"line":200,"column":28}},"75":{"start":{"line":207,"column":2},"end":{"line":207,"column":29}},"76":{"start":{"line":212,"column":16},"end":{"line":212,"column":59}},"77":{"start":{"line":212,"column":43},"end":{"line":212,"column":58}},"78":{"start":{"line":213,"column":2},"end":{"line":225,"column":3}},"79":{"start":{"line":214,"column":4},"end":{"line":224,"column":6}},"80":{"start":{"line":226,"column":2},"end":{"line":226,"column":30}},"81":{"start":{"line":231,"column":2},"end":{"line":255,"column":5}},"82":{"start":{"line":232,"column":4},"end":{"line":254,"column":13}},"83":{"start":{"line":233,"column":6},"end":{"line":233,"column":53}},"84":{"start":{"line":236,"column":23},"end":{"line":240,"column":null}},"85":{"start":{"line":243,"column":20},"end":{"line":243,"column":72}},"86":{"start":{"line":243,"column":48},"end":{"line":243,"column":71}},"87":{"start":{"line":244,"column":6},"end":{"line":250,"column":7}},"88":{"start":{"line":245,"column":8},"end":{"line":245,"column":65}},"89":{"start":{"line":246,"column":8},"end":{"line":246,"column":42}},"90":{"start":{"line":248,"column":8},"end":{"line":248,"column":66}},"91":{"start":{"line":249,"column":8},"end":{"line":249,"column":39}},"92":{"start":{"line":252,"column":6},"end":{"line":252,"column":62}},"93":{"start":{"line":253,"column":6},"end":{"line":253,"column":27}},"94":{"start":{"line":260,"column":19},"end":{"line":269,"column":null}},"95":{"start":{"line":271,"column":2},"end":{"line":271,"column":30}},"96":{"start":{"line":272,"column":2},"end":{"line":272,"column":18}},"97":{"start":{"line":277,"column":2},"end":{"line":285,"column":5}},"98":{"start":{"line":278,"column":4},"end":{"line":284,"column":12}},"99":{"start":{"line":279,"column":20},"end":{"line":279,"column":60}},"100":{"start":{"line":279,"column":48},"end":{"line":279,"column":59}},"101":{"start":{"line":280,"column":6},"end":{"line":282,"column":7}},"102":{"start":{"line":281,"column":8},"end":{"line":281,"column":38}},"103":{"start":{"line":283,"column":6},"end":{"line":283,"column":16}}},"fnMap":{"0":{"name":"(anonymous_7)","decl":{"start":{"line":18,"column":2},"end":{"line":18,"column":14}},"loc":{"start":{"line":18,"column":224},"end":{"line":28,"column":3}}},"1":{"name":"(anonymous_8)","decl":{"start":{"line":43,"column":4},"end":{"line":43,"column":16}},"loc":{"start":{"line":43,"column":231},"end":{"line":54,"column":5}}},"2":{"name":"(anonymous_9)","decl":{"start":{"line":89,"column":25},"end":{"line":89,"column":26}},"loc":{"start":{"line":89,"column":41},"end":{"line":91,"column":1}}},"3":{"name":"(anonymous_10)","decl":{"start":{"line":93,"column":28},"end":{"line":93,"column":31}},"loc":{"start":{"line":93,"column":33},"end":{"line":96,"column":1}}},"4":{"name":"(anonymous_11)","decl":{"start":{"line":98,"column":26},"end":{"line":98,"column":29}},"loc":{"start":{"line":98,"column":31},"end":{"line":101,"column":1}}},"5":{"name":"randomZipCode","decl":{"start":{"line":103,"column":16},"end":{"line":103,"column":29}},"loc":{"start":{"line":103,"column":29},"end":{"line":105,"column":1}}},"6":{"name":"createRandomVolunteer","decl":{"start":{"line":108,"column":9},"end":{"line":108,"column":30}},"loc":{"start":{"line":108,"column":30},"end":{"line":134,"column":1}}},"7":{"name":"(anonymous_14)","decl":{"start":{"line":114,"column":29},"end":{"line":114,"column":32}},"loc":{"start":{"line":114,"column":34},"end":{"line":118,"column":3}}},"8":{"name":"createRandomEvent","decl":{"start":{"line":137,"column":9},"end":{"line":137,"column":26}},"loc":{"start":{"line":137,"column":62},"end":{"line":163,"column":1}}},"9":{"name":"(anonymous_16)","decl":{"start":{"line":139,"column":24},"end":{"line":139,"column":27}},"loc":{"start":{"line":139,"column":29},"end":{"line":142,"column":3}}},"10":{"name":"(anonymous_17)","decl":{"start":{"line":144,"column":23},"end":{"line":144,"column":26}},"loc":{"start":{"line":144,"column":28},"end":{"line":147,"column":3}}},"11":{"name":"(anonymous_18)","decl":{"start":{"line":175,"column":66},"end":{"line":175,"column":67}},"loc":{"start":{"line":175,"column":76},"end":{"line":175,"column":125}}},"12":{"name":"getVolunteers","decl":{"start":{"line":178,"column":22},"end":{"line":178,"column":35}},"loc":{"start":{"line":178,"column":35},"end":{"line":184,"column":null}}},"13":{"name":"(anonymous_21)","decl":{"start":{"line":179,"column":21},"end":{"line":179,"column":22}},"loc":{"start":{"line":179,"column":33},"end":{"line":183,"column":3}}},"14":{"name":"(anonymous_22)","decl":{"start":{"line":180,"column":15},"end":{"line":180,"column":18}},"loc":{"start":{"line":180,"column":20},"end":{"line":182,"column":5}}},"15":{"name":"getVolunteer","decl":{"start":{"line":187,"column":22},"end":{"line":187,"column":34}},"loc":{"start":{"line":187,"column":45},"end":{"line":193,"column":null}}},"16":{"name":"(anonymous_25)","decl":{"start":{"line":188,"column":21},"end":{"line":188,"column":22}},"loc":{"start":{"line":188,"column":33},"end":{"line":192,"column":3}}},"17":{"name":"(anonymous_26)","decl":{"start":{"line":189,"column":15},"end":{"line":189,"column":18}},"loc":{"start":{"line":189,"column":20},"end":{"line":191,"column":5}}},"18":{"name":"(anonymous_27)","decl":{"start":{"line":190,"column":36},"end":{"line":190,"column":45}},"loc":{"start":{"line":190,"column":49},"end":{"line":190,"column":68}}},"19":{"name":"getEvents","decl":{"start":{"line":196,"column":22},"end":{"line":196,"column":31}},"loc":{"start":{"line":196,"column":31},"end":{"line":203,"column":null}}},"20":{"name":"(anonymous_30)","decl":{"start":{"line":198,"column":21},"end":{"line":198,"column":22}},"loc":{"start":{"line":198,"column":33},"end":{"line":202,"column":3}}},"21":{"name":"(anonymous_31)","decl":{"start":{"line":199,"column":15},"end":{"line":199,"column":18}},"loc":{"start":{"line":199,"column":20},"end":{"line":201,"column":5}}},"22":{"name":"getEventsLength","decl":{"start":{"line":206,"column":16},"end":{"line":206,"column":31}},"loc":{"start":{"line":206,"column":31},"end":{"line":208,"column":1}}},"23":{"name":"getEvent","decl":{"start":{"line":211,"column":22},"end":{"line":211,"column":30}},"loc":{"start":{"line":211,"column":41},"end":{"line":227,"column":null}}},"24":{"name":"(anonymous_35)","decl":{"start":{"line":212,"column":34},"end":{"line":212,"column":39}},"loc":{"start":{"line":212,"column":43},"end":{"line":212,"column":58}}},"25":{"name":"saveEvent","decl":{"start":{"line":230,"column":22},"end":{"line":230,"column":31}},"loc":{"start":{"line":230,"column":53},"end":{"line":256,"column":null}}},"26":{"name":"(anonymous_38)","decl":{"start":{"line":231,"column":21},"end":{"line":231,"column":22}},"loc":{"start":{"line":231,"column":33},"end":{"line":255,"column":3}}},"27":{"name":"(anonymous_39)","decl":{"start":{"line":232,"column":15},"end":{"line":232,"column":18}},"loc":{"start":{"line":232,"column":20},"end":{"line":254,"column":5}}},"28":{"name":"(anonymous_40)","decl":{"start":{"line":243,"column":43},"end":{"line":243,"column":44}},"loc":{"start":{"line":243,"column":48},"end":{"line":243,"column":71}}},"29":{"name":"createEvent","decl":{"start":{"line":259,"column":22},"end":{"line":259,"column":33}},"loc":{"start":{"line":259,"column":33},"end":{"line":273,"column":null}}},"30":{"name":"deleteEvent","decl":{"start":{"line":276,"column":22},"end":{"line":276,"column":33}},"loc":{"start":{"line":276,"column":44},"end":{"line":286,"column":null}}},"31":{"name":"(anonymous_45)","decl":{"start":{"line":277,"column":21},"end":{"line":277,"column":22}},"loc":{"start":{"line":277,"column":33},"end":{"line":285,"column":3}}},"32":{"name":"(anonymous_46)","decl":{"start":{"line":278,"column":15},"end":{"line":278,"column":18}},"loc":{"start":{"line":278,"column":20},"end":{"line":284,"column":5}}},"33":{"name":"(anonymous_47)","decl":{"start":{"line":279,"column":43},"end":{"line":279,"column":44}},"loc":{"start":{"line":279,"column":48},"end":{"line":279,"column":59}}}},"branchMap":{"0":{"loc":{"start":{"line":18,"column":14},"end":{"line":18,"column":33}},"type":"default-arg","locations":[{"start":{"line":18,"column":31},"end":{"line":18,"column":33}}]},"1":{"loc":{"start":{"line":18,"column":35},"end":{"line":18,"column":50}},"type":"default-arg","locations":[{"start":{"line":18,"column":48},"end":{"line":18,"column":50}}]},"2":{"loc":{"start":{"line":18,"column":52},"end":{"line":18,"column":69}},"type":"default-arg","locations":[{"start":{"line":18,"column":67},"end":{"line":18,"column":69}}]},"3":{"loc":{"start":{"line":18,"column":71},"end":{"line":18,"column":95}},"type":"default-arg","locations":[{"start":{"line":18,"column":93},"end":{"line":18,"column":95}}]},"4":{"loc":{"start":{"line":18,"column":97},"end":{"line":18,"column":118}},"type":"default-arg","locations":[{"start":{"line":18,"column":116},"end":{"line":18,"column":118}}]},"5":{"loc":{"start":{"line":18,"column":120},"end":{"line":18,"column":141}},"type":"default-arg","locations":[{"start":{"line":18,"column":139},"end":{"line":18,"column":141}}]},"6":{"loc":{"start":{"line":18,"column":143},"end":{"line":18,"column":163}},"type":"default-arg","locations":[{"start":{"line":18,"column":161},"end":{"line":18,"column":163}}]},"7":{"loc":{"start":{"line":18,"column":165},"end":{"line":18,"column":188}},"type":"default-arg","locations":[{"start":{"line":18,"column":178},"end":{"line":18,"column":188}}]},"8":{"loc":{"start":{"line":18,"column":190},"end":{"line":18,"column":224}},"type":"default-arg","locations":[{"start":{"line":18,"column":220},"end":{"line":18,"column":224}}]},"9":{"loc":{"start":{"line":43,"column":16},"end":{"line":43,"column":31}},"type":"default-arg","locations":[{"start":{"line":43,"column":29},"end":{"line":43,"column":31}}]},"10":{"loc":{"start":{"line":43,"column":33},"end":{"line":43,"column":50}},"type":"default-arg","locations":[{"start":{"line":43,"column":48},"end":{"line":43,"column":50}}]},"11":{"loc":{"start":{"line":43,"column":52},"end":{"line":43,"column":73}},"type":"default-arg","locations":[{"start":{"line":43,"column":71},"end":{"line":43,"column":73}}]},"12":{"loc":{"start":{"line":43,"column":75},"end":{"line":43,"column":96}},"type":"default-arg","locations":[{"start":{"line":43,"column":94},"end":{"line":43,"column":96}}]},"13":{"loc":{"start":{"line":43,"column":98},"end":{"line":43,"column":115}},"type":"default-arg","locations":[{"start":{"line":43,"column":113},"end":{"line":43,"column":115}}]},"14":{"loc":{"start":{"line":43,"column":117},"end":{"line":43,"column":135}},"type":"default-arg","locations":[{"start":{"line":43,"column":133},"end":{"line":43,"column":135}}]},"15":{"loc":{"start":{"line":43,"column":137},"end":{"line":43,"column":153}},"type":"default-arg","locations":[{"start":{"line":43,"column":151},"end":{"line":43,"column":153}}]},"16":{"loc":{"start":{"line":43,"column":155},"end":{"line":43,"column":176}},"type":"default-arg","locations":[{"start":{"line":43,"column":174},"end":{"line":43,"column":176}}]},"17":{"loc":{"start":{"line":43,"column":178},"end":{"line":43,"column":204}},"type":"default-arg","locations":[{"start":{"line":43,"column":202},"end":{"line":43,"column":204}}]},"18":{"loc":{"start":{"line":43,"column":206},"end":{"line":43,"column":231}},"type":"default-arg","locations":[{"start":{"line":43,"column":229},"end":{"line":43,"column":231}}]},"19":{"loc":{"start":{"line":110,"column":2},"end":{"line":112,"column":3}},"type":"if","locations":[{"start":{"line":110,"column":2},"end":{"line":112,"column":3}}]},"20":{"loc":{"start":{"line":150,"column":16},"end":{"line":150,"column":85}},"type":"cond-expr","locations":[{"start":{"line":150,"column":38},"end":{"line":150,"column":42}},{"start":{"line":150,"column":45},"end":{"line":150,"column":85}}]},"21":{"loc":{"start":{"line":190,"column":14},"end":{"line":190,"column":88}},"type":"binary-expr","locations":[{"start":{"line":190,"column":14},"end":{"line":190,"column":69}},{"start":{"line":190,"column":73},"end":{"line":190,"column":88}}]},"22":{"loc":{"start":{"line":213,"column":2},"end":{"line":225,"column":3}},"type":"if","locations":[{"start":{"line":213,"column":2},"end":{"line":225,"column":3}}]},"23":{"loc":{"start":{"line":239,"column":19},"end":{"line":239,"column":66}},"type":"cond-expr","locations":[{"start":{"line":239,"column":36},"end":{"line":239,"column":60}},{"start":{"line":239,"column":62},"end":{"line":239,"column":66}}]},"24":{"loc":{"start":{"line":244,"column":6},"end":{"line":250,"column":7}},"type":"if","locations":[{"start":{"line":244,"column":6},"end":{"line":250,"column":7}},{"start":{"line":247,"column":13},"end":{"line":250,"column":7}}]},"25":{"loc":{"start":{"line":280,"column":6},"end":{"line":282,"column":7}},"type":"if","locations":[{"start":{"line":280,"column":6},"end":{"line":282,"column":7}}]}},"s":{"0":1,"1":1,"2":1,"3":1,"4":1,"5":1,"6":1,"7":1,"8":1,"9":6,"10":6,"11":6,"12":6,"13":6,"14":6,"15":6,"16":6,"17":6,"18":1,"19":6,"20":6,"21":6,"22":6,"23":6,"24":6,"25":6,"26":6,"27":6,"28":6,"29":1,"30":1,"31":1,"32":1,"33":1,"34":1,"35":11,"36":1,"37":1,"38":16,"39":16,"40":1,"41":1,"42":11,"43":11,"44":1,"45":11,"46":10,"47":5,"48":5,"49":5,"50":5,"51":5,"52":5,"53":5,"54":10,"55":10,"56":10,"57":10,"58":10,"59":10,"60":10,"61":10,"62":1,"63":1,"64":10,"65":1,"66":1,"67":1,"68":1,"69":1,"70":1,"71":10,"72":1,"73":1,"74":1,"75":1,"76":2,"77":12,"78":2,"79":1,"80":1,"81":1,"82":1,"83":1,"84":1,"85":1,"86":2,"87":1,"88":1,"89":1,"90":0,"91":0,"92":1,"93":1,"94":1,"95":1,"96":1,"97":1,"98":1,"99":1,"100":2,"101":1,"102":1,"103":1},"f":{"0":6,"1":6,"2":11,"3":16,"4":11,"5":11,"6":10,"7":5,"8":10,"9":10,"10":10,"11":10,"12":1,"13":1,"14":1,"15":1,"16":1,"17":1,"18":10,"19":1,"20":1,"21":1,"22":1,"23":2,"24":12,"25":1,"26":1,"27":1,"28":2,"29":1,"30":1,"31":1,"32":1,"33":2},"b":{"0":[2],"1":[2],"2":[2],"3":[2],"4":[2],"5":[2],"6":[2],"7":[2],"8":[2],"9":[2],"10":[2],"11":[2],"12":[2],"13":[2],"14":[2],"15":[2],"16":[2],"17":[2],"18":[2],"19":[5],"20":[5,5],"21":[1,1],"22":[1],"23":[1,0],"24":[1,0],"25":[1]}}
}
