TN:
SF:src/lib/temporary_values.ts
FN:18,(anonymous_7)
FN:43,(anonymous_8)
FN:89,(anonymous_9)
FN:93,(anonymous_10)
FN:98,(anonymous_11)
FN:103,randomZipCode
FN:108,createRandomVolunteer
FN:114,(anonymous_14)
FN:137,createRandomEvent
FN:139,(anonymous_16)
FN:144,(anonymous_17)
FN:175,(anonymous_18)
FN:178,getVolunteers
FN:179,(anonymous_21)
FN:180,(anonymous_22)
FN:187,getVolunteer
FN:188,(anonymous_25)
FN:189,(anonymous_26)
FN:190,(anonymous_27)
FN:196,getEvents
FN:198,(anonymous_30)
FN:199,(anonymous_31)
FN:206,getEventsLength
FN:211,getEvent
FN:212,(anonymous_35)
FN:230,saveEvent
FN:231,(anonymous_38)
FN:232,(anonymous_39)
FN:243,(anonymous_40)
FN:259,createEvent
FN:276,deleteEvent
FN:277,(anonymous_45)
FN:278,(anonymous_46)
FN:279,(anonymous_47)
FNF:34
FNH:34
FNDA:6,(anonymous_7)
FNDA:6,(anonymous_8)
FNDA:11,(anonymous_9)
FNDA:16,(anonymous_10)
FNDA:11,(anonymous_11)
FNDA:11,randomZipCode
FNDA:10,createRandomVolunteer
FNDA:5,(anonymous_14)
FNDA:10,createRandomEvent
FNDA:10,(anonymous_16)
FNDA:10,(anonymous_17)
FNDA:10,(anonymous_18)
FNDA:1,getVolunteers
FNDA:1,(anonymous_21)
FNDA:1,(anonymous_22)
FNDA:1,getVolunteer
FNDA:1,(anonymous_25)
FNDA:1,(anonymous_26)
FNDA:10,(anonymous_27)
FNDA:1,getEvents
FNDA:1,(anonymous_30)
FNDA:1,(anonymous_31)
FNDA:1,getEventsLength
FNDA:2,getEvent
FNDA:12,(anonymous_35)
FNDA:1,saveEvent
FNDA:1,(anonymous_38)
FNDA:1,(anonymous_39)
FNDA:2,(anonymous_40)
FNDA:1,createEvent
FNDA:1,deleteEvent
FNDA:1,(anonymous_45)
FNDA:1,(anonymous_46)
FNDA:2,(anonymous_47)
DA:7,1
DA:19,6
DA:20,6
DA:21,6
DA:22,6
DA:23,6
DA:24,6
DA:25,6
DA:26,6
DA:27,6
DA:31,1
DA:44,6
DA:45,6
DA:46,6
DA:47,6
DA:48,6
DA:49,6
DA:50,6
DA:51,6
DA:52,6
DA:53,6
DA:57,1
DA:65,1
DA:67,1
DA:69,1
DA:89,1
DA:90,11
DA:93,1
DA:94,16
DA:95,16
DA:98,1
DA:99,11
DA:100,11
DA:103,1
DA:104,11
DA:110,10
DA:111,5
DA:114,5
DA:115,5
DA:116,5
DA:117,5
DA:120,5
DA:122,5
DA:139,10
DA:140,10
DA:141,10
DA:144,10
DA:145,10
DA:146,10
DA:150,10
DA:152,10
DA:174,1
DA:175,10
DA:178,1
DA:179,1
DA:180,1
DA:181,1
DA:187,1
DA:188,1
DA:189,1
DA:190,10
DA:196,1
DA:198,1
DA:199,1
DA:200,1
DA:206,1
DA:207,1
DA:211,1
DA:212,12
DA:213,2
DA:214,1
DA:226,1
DA:230,1
DA:231,1
DA:232,1
DA:233,1
DA:236,1
DA:243,2
DA:244,1
DA:245,1
DA:246,1
DA:248,0
DA:249,0
DA:252,1
DA:253,1
DA:259,1
DA:260,1
DA:271,1
DA:272,1
DA:276,1
DA:277,1
DA:278,1
DA:279,2
DA:280,1
DA:281,1
DA:283,1
LF:96
LH:94
BRDA:18,0,0,2
BRDA:18,1,0,2
BRDA:18,2,0,2
BRDA:18,3,0,2
BRDA:18,4,0,2
BRDA:18,5,0,2
BRDA:18,6,0,2
BRDA:18,7,0,2
BRDA:18,8,0,2
BRDA:43,9,0,2
BRDA:43,10,0,2
BRDA:43,11,0,2
BRDA:43,12,0,2
BRDA:43,13,0,2
BRDA:43,14,0,2
BRDA:43,15,0,2
BRDA:43,16,0,2
BRDA:43,17,0,2
BRDA:43,18,0,2
BRDA:110,19,0,5
BRDA:150,20,0,5
BRDA:150,20,1,5
BRDA:190,21,0,1
BRDA:190,21,1,1
BRDA:213,22,0,1
BRDA:239,23,0,1
BRDA:239,23,1,0
BRDA:244,24,0,1
BRDA:244,24,1,0
BRDA:280,25,0,1
BRF:30
BRH:28
end_of_record
